<?xml version="1.0" encoding="UTF-8"?>
<coverage generated="1652643628188" clover="3.2.0">
  <project timestamp="1652643628189" name="All files">
    <metrics statements="13" coveredstatements="13" conditionals="10" coveredconditionals="10" methods="3" coveredmethods="3" elements="26" coveredelements="26" complexity="0" loc="13" ncloc="13" packages="1" files="2" classes="2"/>
    <file name="haiku.js" path="/Users/RB/Desktop/haiku/src/js/haiku.js">
      <metrics statements="3" coveredstatements="3" conditionals="0" coveredconditionals="0" methods="1" coveredmethods="1"/>
      <line num="4" count="1" type="stmt"/>
      <line num="5" count="1" type="stmt"/>
      <line num="6" count="1" type="stmt"/>
    </file>
    <file name="word.js" path="/Users/RB/Desktop/haiku/src/js/word.js">
      <metrics statements="10" coveredstatements="10" conditionals="10" coveredconditionals="10" methods="2" coveredmethods="2"/>
      <line num="3" count="4" type="stmt"/>
      <line num="4" count="4" type="stmt"/>
      <line num="5" count="4" type="stmt"/>
      <line num="9" count="3" type="stmt"/>
      <line num="10" count="3" type="stmt"/>
      <line num="11" count="3" type="cond" truecount="2" falsecount="0"/>
      <line num="12" count="1" type="stmt"/>
      <line num="13" count="2" type="cond" truecount="8" falsecount="0"/>
      <line num="14" count="1" type="stmt"/>
      <line num="16" count="1" type="stmt"/>
    </file>
  </project>
</coverage>
