<?xml version="1.0" encoding="UTF-8"?>
<coverage generated="1652656021051" clover="3.2.0">
  <project timestamp="1652656021051" name="All files">
    <metrics statements="23" coveredstatements="22" conditionals="12" coveredconditionals="11" methods="6" coveredmethods="6" elements="41" coveredelements="39" complexity="0" loc="23" ncloc="23" packages="1" files="2" classes="2"/>
    <file name="haiku.js" path="/Users/RB/Desktop/haiku/src/js/haiku.js">
      <metrics statements="3" coveredstatements="3" conditionals="0" coveredconditionals="0" methods="1" coveredmethods="1"/>
      <line num="4" count="1" type="stmt"/>
      <line num="5" count="1" type="stmt"/>
      <line num="6" count="1" type="stmt"/>
    </file>
    <file name="word.js" path="/Users/RB/Desktop/haiku/src/js/word.js">
      <metrics statements="20" coveredstatements="19" conditionals="12" coveredconditionals="11" methods="5" coveredmethods="5"/>
      <line num="3" count="7" type="stmt"/>
      <line num="4" count="7" type="stmt"/>
      <line num="5" count="7" type="stmt"/>
      <line num="9" count="2" type="stmt"/>
      <line num="10" count="2" type="cond" truecount="2" falsecount="0"/>
      <line num="18" count="1" type="stmt"/>
      <line num="20" count="1" type="stmt"/>
      <line num="25" count="2" type="stmt"/>
      <line num="26" count="2" type="cond" truecount="2" falsecount="0"/>
      <line num="27" count="1" type="stmt"/>
      <line num="29" count="1" type="stmt"/>
      <line num="33" count="2" type="stmt"/>
      <line num="34" count="2" type="stmt"/>
      <line num="35" count="2" type="stmt"/>
      <line num="36" count="2" type="stmt"/>
      <line num="37" count="2" type="stmt"/>
      <line num="39" count="2" type="stmt"/>
      <line num="40" count="20" type="cond" truecount="1" falsecount="1"/>
      <line num="41" count="0" type="stmt"/>
      <line num="43" count="20" type="stmt"/>
    </file>
  </project>
</coverage>
