TN:
SF:/Users/RB/Desktop/haiku/src/js/haiku.js
FN:3,(anonymous_0)
FNF:1
FNH:1
FNDA:1,(anonymous_0)
DA:4,1
DA:5,1
DA:6,1
LF:3
LH:3
BRF:0
BRH:0
end_of_record
TN:
SF:/Users/RB/Desktop/haiku/src/js/word.js
FN:2,(anonymous_0)
FN:8,(anonymous_1)
FN:25,(anonymous_2)
FN:36,(anonymous_3)
FN:41,(anonymous_4)
FN:49,(anonymous_5)
FN:54,(anonymous_6)
FNF:7
FNH:7
FNDA:9,(anonymous_0)
FNDA:2,(anonymous_1)
FNDA:3,(anonymous_2)
FNDA:2,(anonymous_3)
FNDA:22,(anonymous_4)
FNDA:1,(anonymous_5)
FNDA:15,(anonymous_6)
DA:3,9
DA:4,9
DA:5,9
DA:9,2
DA:10,2
DA:11,2
DA:19,1
DA:20,1
DA:22,1
DA:26,3
DA:27,3
DA:28,1
DA:29,2
DA:30,1
DA:32,1
DA:37,2
DA:38,2
DA:39,2
DA:41,2
DA:42,22
DA:43,1
DA:46,2
DA:50,1
DA:51,1
DA:52,1
DA:54,1
DA:55,15
DA:56,1
DA:59,1
LF:29
LH:29
BRDA:11,0,0,1
BRDA:11,0,1,1
BRDA:12,1,0,2
BRDA:12,1,1,2
BRDA:12,1,2,1
BRDA:12,1,3,1
BRDA:12,1,4,1
BRDA:12,1,5,1
BRDA:27,2,0,1
BRDA:27,2,1,2
BRDA:27,3,0,3
BRDA:27,3,1,1
BRDA:29,4,0,1
BRDA:29,4,1,1
BRDA:42,5,0,1
BRDA:42,5,1,21
BRDA:55,6,0,1
BRDA:55,6,1,14
BRF:18
BRH:18
end_of_record
