TN:
SF:/Users/RB/Desktop/haiku/src/js/haiku.js
FN:3,(anonymous_0)
FNF:1
FNH:1
FNDA:1,(anonymous_0)
DA:4,1
DA:5,1
DA:6,1
LF:3
LH:3
BRF:0
BRH:0
end_of_record
TN:
SF:/Users/RB/Desktop/haiku/src/js/word.js
FN:2,(anonymous_0)
FN:8,(anonymous_1)
FN:12,(anonymous_2)
FN:19,(anonymous_3)
FN:30,(anonymous_4)
FN:35,(anonymous_5)
FN:43,(anonymous_6)
FN:48,(anonymous_7)
FNF:8
FNH:8
FNDA:9,(anonymous_0)
FNDA:2,(anonymous_1)
FNDA:12,(anonymous_2)
FNDA:3,(anonymous_3)
FNDA:2,(anonymous_4)
FNDA:22,(anonymous_5)
FNDA:1,(anonymous_6)
FNDA:15,(anonymous_7)
DA:3,9
DA:4,9
DA:5,9
DA:9,2
DA:10,2
DA:11,2
DA:12,2
DA:13,12
DA:14,1
DA:20,3
DA:21,3
DA:22,1
DA:23,2
DA:24,1
DA:26,1
DA:31,2
DA:32,2
DA:33,2
DA:35,2
DA:36,22
DA:37,1
DA:40,2
DA:44,1
DA:45,1
DA:46,1
DA:48,1
DA:49,15
DA:50,1
DA:53,1
LF:29
LH:29
BRDA:13,0,0,1
BRDA:13,0,1,11
BRDA:21,1,0,1
BRDA:21,1,1,2
BRDA:21,2,0,3
BRDA:21,2,1,1
BRDA:23,3,0,1
BRDA:23,3,1,1
BRDA:36,4,0,1
BRDA:36,4,1,21
BRDA:49,5,0,1
BRDA:49,5,1,14
BRF:12
BRH:12
end_of_record
